<?xml version="1.0" encoding="UTF-8"?>
<testng-results ignored="0" total="2" passed="2" failed="0" skipped="0">
  <reporter-output>
  </reporter-output>
  <suite started-at="2022-03-30T21:13:45 ADT" name="Suite" finished-at="2022-03-30T21:13:54 ADT" duration-ms="9296">
    <groups>
    </groups>
    <test started-at="2022-03-30T21:13:45 ADT" name="Test" finished-at="2022-03-30T21:13:54 ADT" duration-ms="9296">
      <class name="testCases.T01_homePageValidation">
        <test-method is-config="true" signature="openBrowser()[pri:0, instance:testCases.T01_homePageValidation@242b836]" started-at="2022-03-30T21:13:51 ADT" name="openBrowser" finished-at="2022-03-30T21:13:52 ADT" duration-ms="1118" status="PASS">
          <reporter-output>
          </reporter-output>
        </test-method> <!-- openBrowser -->
        <test-method signature="homepage()[pri:0, instance:testCases.T01_homePageValidation@242b836]" started-at="2022-03-30T21:13:52 ADT" name="homepage" finished-at="2022-03-30T21:13:54 ADT" duration-ms="2321" status="PASS">
          <reporter-output>
          </reporter-output>
        </test-method> <!-- homepage -->
        <test-method is-config="true" signature="closeBrowser()[pri:0, instance:testCases.T01_homePageValidation@242b836]" started-at="2022-03-30T21:13:54 ADT" name="closeBrowser" finished-at="2022-03-30T21:13:54 ADT" duration-ms="0" status="PASS">
          <reporter-output>
          </reporter-output>
        </test-method> <!-- closeBrowser -->
      </class> <!-- testCases.T01_homePageValidation -->
      <class name="testCases.T02_LogInPageValidation">
        <test-method is-config="true" signature="openBrowser()[pri:0, instance:testCases.T02_LogInPageValidation@3e11f9e9]" started-at="2022-03-30T21:13:45 ADT" name="openBrowser" finished-at="2022-03-30T21:13:48 ADT" duration-ms="2844" status="PASS">
          <reporter-output>
          </reporter-output>
        </test-method> <!-- openBrowser -->
        <test-method signature="LogInpage()[pri:0, instance:testCases.T02_LogInPageValidation@3e11f9e9]" started-at="2022-03-30T21:13:48 ADT" name="LogInpage" finished-at="2022-03-30T21:13:51 ADT" duration-ms="2940" status="PASS">
          <reporter-output>
          </reporter-output>
        </test-method> <!-- LogInpage -->
        <test-method is-config="true" signature="closeBrowser()[pri:0, instance:testCases.T02_LogInPageValidation@3e11f9e9]" started-at="2022-03-30T21:13:51 ADT" name="closeBrowser" finished-at="2022-03-30T21:13:51 ADT" duration-ms="1" status="PASS">
          <reporter-output>
          </reporter-output>
        </test-method> <!-- closeBrowser -->
      </class> <!-- testCases.T02_LogInPageValidation -->
    </test> <!-- Test -->
  </suite> <!-- Suite -->
</testng-results>
